Using pre-set license
Built from '2021.3/staging' branch; Version is '2021.3.1f1 (3b70a0754835) revision 3895456'; Using compiler version '192829333'; Build Type 'Release'
OS: 'Windows 10  (10.0.18363) 64bit Professional' Language: 'zh' Physical Memory: 16247 MB
BatchMode: 1, IsHumanControllingUs: 0, StartBugReporterOnCrash: 0, Is64bit: 1, IsPro: 1

COMMAND LINE ARGUMENTS:
C:\Program Files\Unity\Hub\Editor\2021.3.1f1\Editor\Unity.exe
-adb2
-batchMode
-noUpm
-name
AssetImportWorker2
-projectPath
C:/Unity_HC_ZLPro_ShootingMobie_2022_04_24/My project
-logFile
Logs/AssetImportWorker2.log
-srvPort
53832
Successfully changed project path to: C:/Unity_HC_ZLPro_ShootingMobie_2022_04_24/My project
C:/Unity_HC_ZLPro_ShootingMobie_2022_04_24/My project
[UnityMemory] Configuration Parameters - Can be set up in boot.config
    "memorysetup-bucket-allocator-granularity=16"
    "memorysetup-bucket-allocator-bucket-count=8"
    "memorysetup-bucket-allocator-block-size=33554432"
    "memorysetup-bucket-allocator-block-count=8"
    "memorysetup-main-allocator-block-size=16777216"
    "memorysetup-thread-allocator-block-size=16777216"
    "memorysetup-gfx-main-allocator-block-size=16777216"
    "memorysetup-gfx-thread-allocator-block-size=16777216"
    "memorysetup-cache-allocator-block-size=4194304"
    "memorysetup-typetree-allocator-block-size=2097152"
    "memorysetup-profiler-bucket-allocator-granularity=16"
    "memorysetup-profiler-bucket-allocator-bucket-count=8"
    "memorysetup-profiler-bucket-allocator-block-size=33554432"
    "memorysetup-profiler-bucket-allocator-block-count=8"
    "memorysetup-profiler-allocator-block-size=16777216"
    "memorysetup-profiler-editor-allocator-block-size=1048576"
    "memorysetup-temp-allocator-size-main=16777216"
    "memorysetup-job-temp-allocator-block-size=2097152"
    "memorysetup-job-temp-allocator-block-size-background=1048576"
    "memorysetup-job-temp-allocator-reduction-small-platforms=262144"
    "memorysetup-temp-allocator-size-background-worker=32768"
    "memorysetup-temp-allocator-size-job-worker=262144"
    "memorysetup-temp-allocator-size-preload-manager=33554432"
    "memorysetup-temp-allocator-size-nav-mesh-worker=65536"
    "memorysetup-temp-allocator-size-audio-worker=65536"
    "memorysetup-temp-allocator-size-cloud-worker=32768"
    "memorysetup-temp-allocator-size-gi-baking-worker=262144"
    "memorysetup-temp-allocator-size-gfx=262144"
Refreshing native plugins compatible for Editor in 28.77 ms, found 2 plugins.
Preloading 0 native plugins for Editor in 0.00 ms.
Initialize engine version: 2021.3.1f1 (3b70a0754835)
[Subsystems] Discovering subsystems at path C:/Program Files/Unity/Hub/Editor/2021.3.1f1/Editor/Data/Resources/UnitySubsystems
[Subsystems] Discovering subsystems at path C:/Unity_HC_ZLPro_ShootingMobie_2022_04_24/My project/Assets
GfxDevice: creating device client; threaded=0; jobified=0
Direct3D:
    Version:  Direct3D 11.0 [level 11.1]
    Renderer: NVIDIA T600 (ID=0x1fb1)
    Vendor:   NVIDIA
    VRAM:     3964 MB
    Driver:   30.0.15.1215
Initialize mono
Mono path[0] = 'C:/Program Files/Unity/Hub/Editor/2021.3.1f1/Editor/Data/Managed'
Mono path[1] = 'C:/Program Files/Unity/Hub/Editor/2021.3.1f1/Editor/Data/MonoBleedingEdge/lib/mono/unityjit-win32'
Mono config path = 'C:/Program Files/Unity/Hub/Editor/2021.3.1f1/Editor/Data/MonoBleedingEdge/etc'
Using monoOptions --debugger-agent=transport=dt_socket,embedding=1,server=y,suspend=n,address=127.0.0.1:56104
Begin MonoManager ReloadAssembly
Registering precompiled unity dll's ...
Register platform support module: C:/Program Files/Unity/Hub/Editor/2021.3.1f1/Editor/Data/PlaybackEngines/WindowsStandaloneSupport/UnityEditor.WindowsStandalone.Extensions.dll
Registered in 0.003620 seconds.
Native extension for WindowsStandalone target not found
Refreshing native plugins compatible for Editor in 24.82 ms, found 2 plugins.
Preloading 0 native plugins for Editor in 0.00 ms.
Mono: successfully reloaded assembly
- Completed reload, in  0.488 seconds
Domain Reload Profiling:
	ReloadAssembly (488ms)
		BeginReloadAssembly (61ms)
			ExecutionOrderSort (0ms)
			DisableScriptedObjects (0ms)
			BackupInstance (0ms)
			ReleaseScriptingObjects (0ms)
			CreateAndSetChildDomain (1ms)
		EndReloadAssembly (331ms)
			LoadAssemblies (59ms)
			RebuildTransferFunctionScriptingTraits (0ms)
			SetupTypeCache (100ms)
			ReleaseScriptCaches (0ms)
			RebuildScriptCaches (23ms)
			SetupLoadedEditorAssemblies (166ms)
				LogAssemblyErrors (0ms)
				InitializePlatformSupportModulesInManaged (6ms)
				SetLoadedEditorAssemblies (0ms)
				RefreshPlugins (25ms)
				BeforeProcessingInitializeOnLoad (1ms)
				ProcessInitializeOnLoadAttributes (99ms)
				ProcessInitializeOnLoadMethodAttributes (35ms)
				AfterProcessingInitializeOnLoad (0ms)
				EditorAssembliesLoaded (0ms)
			ExecutionOrderSort2 (0ms)
			AwakeInstancesAfterBackupRestoration (0ms)
Platform modules already initialized, skipping
Registering precompiled user dll's ...
Registered in 0.003461 seconds.
Begin MonoManager ReloadAssembly
Symbol file LoadedFromMemory is not a mono symbol file
Native extension for WindowsStandalone target not found
Refreshing native plugins compatible for Editor in 0.34 ms, found 2 plugins.
Preloading 0 native plugins for Editor in 0.00 ms.
Mono: successfully reloaded assembly
- Completed reload, in  0.684 seconds
Domain Reload Profiling:
	ReloadAssembly (685ms)
		BeginReloadAssembly (87ms)
			ExecutionOrderSort (0ms)
			DisableScriptedObjects (5ms)
			BackupInstance (0ms)
			ReleaseScriptingObjects (0ms)
			CreateAndSetChildDomain (16ms)
		EndReloadAssembly (504ms)
			LoadAssemblies (66ms)
			RebuildTransferFunctionScriptingTraits (0ms)
			SetupTypeCache (144ms)
			ReleaseScriptCaches (0ms)
			RebuildScriptCaches (37ms)
			SetupLoadedEditorAssemblies (224ms)
				LogAssemblyErrors (0ms)
				InitializePlatformSupportModulesInManaged (4ms)
				SetLoadedEditorAssemblies (0ms)
				RefreshPlugins (0ms)
				BeforeProcessingInitializeOnLoad (39ms)
				ProcessInitializeOnLoadAttributes (155ms)
				ProcessInitializeOnLoadMethodAttributes (21ms)
				AfterProcessingInitializeOnLoad (5ms)
				EditorAssembliesLoaded (0ms)
			ExecutionOrderSort2 (0ms)
			AwakeInstancesAfterBackupRestoration (5ms)
Platform modules already initialized, skipping
========================================================================
Worker process is ready to serve import requests
Launched and connected shader compiler UnityShaderCompiler.exe after 0.03 seconds
Refreshing native plugins compatible for Editor in 0.40 ms, found 2 plugins.
Preloading 0 native plugins for Editor in 0.00 ms.
Unloading 1768 Unused Serialized files (Serialized files now loaded: 0)
Unloading 22 unused Assets / (57.0 KB). Loaded Objects now: 2236.
Memory consumption went from 78.9 MB to 78.8 MB.
Total: 2.510500 ms (FindLiveObjects: 0.148500 ms CreateObjectMapping: 0.059000 ms MarkObjects: 2.232800 ms  DeleteObjects: 0.069400 ms)

AssetImportParameters requested are different than current active one (requested -> active):
  custom:video-decoder-ogg-theora: a1e56fd34408186e4bbccfd4996cb3dc -> 
  custom:container-muxer-webm: aa71ff27fc2769a1b78a27578f13a17b -> 
  custom:container-demuxer-webm: 4f35f7cbe854078d1ac9338744f61a02 -> 
  custom:video-encoder-webm-vp8: eb34c28f22e8b96e1ab97ce403110664 -> 
  custom:audio-encoder-webm-vorbis: bf7c407c2cedff20999df2af8eb42d56 -> 
  custom:framework-win-MediaFoundation: 216162199b28c13a410421893ffa2e32 -> 
  custom:container-demuxer-ogg: 62fdf1f143b41e24485cea50d1cbac27 -> 
  custom:video-decoder-webm-vp8: 9c59270c3fd7afecdb556c50c9e8de78 -> 
  custom:audio-decoder-ogg-vorbis: bf7c407c2cedff20999df2af8eb42d56 -> 
========================================================================
Received Import Request.
  Time since last request: 19101.001688 seconds.
  path: Assets/ToonyTinyPeople/TT_soldiers_Demo/model/TT_Soldiers_Demo.FBX
  artifactKey: Guid(7b36a186c6950424394704a9292a7114) Importer(815301076,1909f56bfc062723c751e8b465ee728b)
Start importing Assets/ToonyTinyPeople/TT_soldiers_Demo/model/TT_Soldiers_Demo.FBX using Guid(7b36a186c6950424394704a9292a7114) Importer(815301076,1909f56bfc062723c751e8b465ee728b)  -> (artifact id: '685efe3524ed2867bf63634688d17887') in 0.154134 seconds 
========================================================================
Received Import Request.
  Time since last request: 117.269130 seconds.
  path: Assets/ToonyTinyPeople/TT_soldiers_Demo/Demo_sample_scene/ground.mat
  artifactKey: Guid(fac272536e5a55040abe7ba6644d6e69) Importer(815301076,1909f56bfc062723c751e8b465ee728b)
Start importing Assets/ToonyTinyPeople/TT_soldiers_Demo/Demo_sample_scene/ground.mat using Guid(fac272536e5a55040abe7ba6644d6e69) Importer(815301076,1909f56bfc062723c751e8b465ee728b)  -> (artifact id: 'c6c9207cfe8dc7ad6b8231735c9e5a8b') in 0.029199 seconds 
========================================================================
Received Import Request.
  Time since last request: 367.765607 seconds.
  path: Assets/Photon/PhotonUnityNetworking/Demos/Shared Assets/Animations/HumanoidWalkTurnSharp.fbx
  artifactKey: Guid(bb141fc9a700c9c4ca7e6dadb8acf24b) Importer(815301076,1909f56bfc062723c751e8b465ee728b)
Start importing Assets/Photon/PhotonUnityNetworking/Demos/Shared Assets/Animations/HumanoidWalkTurnSharp.fbx using Guid(bb141fc9a700c9c4ca7e6dadb8acf24b) Importer(815301076,1909f56bfc062723c751e8b465ee728b)  -> (artifact id: '541c7aefc292218680fb001229caf903') in 0.008233 seconds 
========================================================================
Received Import Request.
  Time since last request: 0.017128 seconds.
  path: Assets/Photon/PhotonUnityNetworking/Demos/Shared Assets/Models/Pointer.fbx
  artifactKey: Guid(0baebe6c8f51e754a96dd7d4dee9bb4e) Importer(815301076,1909f56bfc062723c751e8b465ee728b)
Start importing Assets/Photon/PhotonUnityNetworking/Demos/Shared Assets/Models/Pointer.fbx using Guid(0baebe6c8f51e754a96dd7d4dee9bb4e) Importer(815301076,1909f56bfc062723c751e8b465ee728b)  -> (artifact id: 'a8da2f8e58c0b727852188a63783572e') in 0.015452 seconds 
========================================================================
Received Import Request.
  Time since last request: 0.018201 seconds.
  path: Assets/Photon/PhotonUnityNetworking/Demos/DemoAsteroids/Models/Spaceship.fbx
  artifactKey: Guid(65e16ec6a1570944a980e4988e715ae6) Importer(815301076,1909f56bfc062723c751e8b465ee728b)
Start importing Assets/Photon/PhotonUnityNetworking/Demos/DemoAsteroids/Models/Spaceship.fbx using Guid(65e16ec6a1570944a980e4988e715ae6) Importer(815301076,1909f56bfc062723c751e8b465ee728b)  -> (artifact id: '10af84c6d17cf554235f5ef0d4988c6f') in 0.015203 seconds 
========================================================================
Received Import Request.
  Time since last request: 68.109113 seconds.
  path: Assets/ToonyTinyPeople/TT_soldiers_Demo/model/TT_Soldiers_Demo.FBX
  artifactKey: Guid(7b36a186c6950424394704a9292a7114) Importer(815301076,1909f56bfc062723c751e8b465ee728b)
Start importing Assets/ToonyTinyPeople/TT_soldiers_Demo/model/TT_Soldiers_Demo.FBX using Guid(7b36a186c6950424394704a9292a7114) Importer(815301076,1909f56bfc062723c751e8b465ee728b)  -> (artifact id: '5c6fd4ce4747efc304c3d1f80a093928') in 0.035298 seconds 
========================================================================
Received Import Request.
  Time since last request: 19.892589 seconds.
  path: Assets/ToonyTinyPeople/TT_soldiers_Demo/model/TT_Soldiers_Demo.FBX
  artifactKey: Guid(7b36a186c6950424394704a9292a7114) Importer(815301076,1909f56bfc062723c751e8b465ee728b)
Start importing Assets/ToonyTinyPeople/TT_soldiers_Demo/model/TT_Soldiers_Demo.FBX using Guid(7b36a186c6950424394704a9292a7114) Importer(815301076,1909f56bfc062723c751e8b465ee728b)  -> (artifact id: '10e47ac6672c91a3830ed106e4510318') in 0.014537 seconds 
========================================================================
Received Import Request.
  Time since last request: 34.452372 seconds.
  path: Assets/ToonyTinyPeople/TT_soldiers_Demo/model/TT_Soldiers_Demo.FBX
  artifactKey: Guid(7b36a186c6950424394704a9292a7114) Importer(815301076,1909f56bfc062723c751e8b465ee728b)
Start importing Assets/ToonyTinyPeople/TT_soldiers_Demo/model/TT_Soldiers_Demo.FBX using Guid(7b36a186c6950424394704a9292a7114) Importer(815301076,1909f56bfc062723c751e8b465ee728b)  -> (artifact id: 'd5bb30a56acf5d4cc3e9f90974d5619f') in 0.015281 seconds 
========================================================================
Received Import Request.
  Time since last request: 202.003020 seconds.
  path: Assets/ToonyTinyPeople/TT_soldiers_Demo/Demo_sample_scene/TTS_Demo_sample_scene.unity
  artifactKey: Guid(8ed749aca8d14c149b162c1588ef08c3) Importer(815301076,1909f56bfc062723c751e8b465ee728b)
Start importing Assets/ToonyTinyPeople/TT_soldiers_Demo/Demo_sample_scene/TTS_Demo_sample_scene.unity using Guid(8ed749aca8d14c149b162c1588ef08c3) Importer(815301076,1909f56bfc062723c751e8b465ee728b)  -> (artifact id: '4e8421aaa0293113ecdc7f3c9c4ba558') in 0.001627 seconds 
========================================================================
Received Import Request.
  Time since last request: 19.181262 seconds.
  path: Assets/Scenes/遊戲場景.unity
  artifactKey: Guid(7b5129c0eef978149bcb941d7a51f3dc) Importer(815301076,1909f56bfc062723c751e8b465ee728b)
Start importing Assets/Scenes/遊戲場景.unity using Guid(7b5129c0eef978149bcb941d7a51f3dc) Importer(815301076,1909f56bfc062723c751e8b465ee728b)  -> (artifact id: 'c95ae91b804f387e6cbb70497e8f9022') in 0.001319 seconds 
========================================================================
Received Import Request.
  Time since last request: 439.959018 seconds.
  path: Assets/材質球
  artifactKey: Guid(8a019ebd3e28a6c41b749d169f19d433) Importer(815301076,1909f56bfc062723c751e8b465ee728b)
Start importing Assets/材質球 using Guid(8a019ebd3e28a6c41b749d169f19d433) Importer(815301076,1909f56bfc062723c751e8b465ee728b)  -> (artifact id: 'de930277383855aca5cc0716a8bead3e') in 0.001903 seconds 
========================================================================
Received Import Request.
  Time since last request: 11.627247 seconds.
  path: Assets/New Folder
  artifactKey: Guid(1f2515f9d73100d40a5699dbc1d229f2) Importer(815301076,1909f56bfc062723c751e8b465ee728b)
Start importing Assets/New Folder using Guid(1f2515f9d73100d40a5699dbc1d229f2) Importer(815301076,1909f56bfc062723c751e8b465ee728b)  -> (artifact id: 'f358be1b6b740d551fa09a50337e7fd4') in 0.001331 seconds 
========================================================================
Received Import Request.
  Time since last request: 14.892363 seconds.
  path: Assets/New Folder/New Animation.anim
  artifactKey: Guid(1b3b0ec3c41cb664e9caf0cc12bd61b0) Importer(815301076,1909f56bfc062723c751e8b465ee728b)
Start importing Assets/New Folder/New Animation.anim using Guid(1b3b0ec3c41cb664e9caf0cc12bd61b0) Importer(815301076,1909f56bfc062723c751e8b465ee728b)  -> (artifact id: 'c623a587fef40ce87ccdfa68e3a575f9') in 0.005421 seconds 
========================================================================
Received Import Request.
  Time since last request: 10.423220 seconds.
  path: Assets/Animation
  artifactKey: Guid(1f2515f9d73100d40a5699dbc1d229f2) Importer(815301076,1909f56bfc062723c751e8b465ee728b)
Start importing Assets/Animation using Guid(1f2515f9d73100d40a5699dbc1d229f2) Importer(815301076,1909f56bfc062723c751e8b465ee728b)  -> (artifact id: 'fb1cf6037ee890786821f90b81f88a52') in 0.001179 seconds 
========================================================================
Received Import Request.
  Time since last request: 18.502333 seconds.
  path: Assets/Animation/New Animator Controller.controller
  artifactKey: Guid(7f1da278e054bca4c9222b85b8cbab10) Importer(815301076,1909f56bfc062723c751e8b465ee728b)
Start importing Assets/Animation/New Animator Controller.controller using Guid(7f1da278e054bca4c9222b85b8cbab10) Importer(815301076,1909f56bfc062723c751e8b465ee728b)  -> (artifact id: 'da8546a588cb2d5e3bcea4934662c455') in 0.003902 seconds 
========================================================================
Received Import Request.
  Time since last request: 140.547710 seconds.
  path: Assets/Animation/Player.controller
  artifactKey: Guid(7f1da278e054bca4c9222b85b8cbab10) Importer(815301076,1909f56bfc062723c751e8b465ee728b)
Start importing Assets/Animation/Player.controller using Guid(7f1da278e054bca4c9222b85b8cbab10) Importer(815301076,1909f56bfc062723c751e8b465ee728b)  -> (artifact id: 'fac3ae5cd1d93dbbc2873c42281c488f') in 0.003592 seconds 
========================================================================
Received Prepare
Registering precompiled user dll's ...
Registered in 0.004009 seconds.
Begin MonoManager ReloadAssembly
Symbol file LoadedFromMemory is not a mono symbol file
Native extension for WindowsStandalone target not found
Refreshing native plugins compatible for Editor in 0.35 ms, found 2 plugins.
Preloading 0 native plugins for Editor in 0.00 ms.
Mono: successfully reloaded assembly
- Completed reload, in  0.788 seconds
Domain Reload Profiling:
	ReloadAssembly (788ms)
		BeginReloadAssembly (110ms)
			ExecutionOrderSort (0ms)
			DisableScriptedObjects (4ms)
			BackupInstance (0ms)
			ReleaseScriptingObjects (0ms)
			CreateAndSetChildDomain (29ms)
		EndReloadAssembly (587ms)
			LoadAssemblies (73ms)
			RebuildTransferFunctionScriptingTraits (0ms)
			SetupTypeCache (159ms)
			ReleaseScriptCaches (1ms)
			RebuildScriptCaches (44ms)
			SetupLoadedEditorAssemblies (270ms)
				LogAssemblyErrors (0ms)
				InitializePlatformSupportModulesInManaged (11ms)
				SetLoadedEditorAssemblies (0ms)
				RefreshPlugins (0ms)
				BeforeProcessingInitializeOnLoad (48ms)
				ProcessInitializeOnLoadAttributes (173ms)
				ProcessInitializeOnLoadMethodAttributes (26ms)
				AfterProcessingInitializeOnLoad (10ms)
				EditorAssembliesLoaded (0ms)
			ExecutionOrderSort2 (0ms)
			AwakeInstancesAfterBackupRestoration (8ms)
Platform modules already initialized, skipping
Refreshing native plugins compatible for Editor in 1.38 ms, found 2 plugins.
Preloading 0 native plugins for Editor in 0.00 ms.
Unloading 1749 Unused Serialized files (Serialized files now loaded: 0)
Unloading 14 unused Assets / (31.8 KB). Loaded Objects now: 2283.
Memory consumption went from 94.3 MB to 94.2 MB.
Total: 2.385700 ms (FindLiveObjects: 0.144800 ms CreateObjectMapping: 0.056300 ms MarkObjects: 2.167800 ms  DeleteObjects: 0.015600 ms)

AssetImportParameters requested are different than current active one (requested -> active):
  custom:video-decoder-ogg-theora: a1e56fd34408186e4bbccfd4996cb3dc -> 
  custom:container-muxer-webm: aa71ff27fc2769a1b78a27578f13a17b -> 
  custom:container-demuxer-webm: 4f35f7cbe854078d1ac9338744f61a02 -> 
  custom:video-encoder-webm-vp8: eb34c28f22e8b96e1ab97ce403110664 -> 
  custom:audio-encoder-webm-vorbis: bf7c407c2cedff20999df2af8eb42d56 -> 
  custom:framework-win-MediaFoundation: 216162199b28c13a410421893ffa2e32 -> 
  custom:container-demuxer-ogg: 62fdf1f143b41e24485cea50d1cbac27 -> 
  custom:video-decoder-webm-vp8: 9c59270c3fd7afecdb556c50c9e8de78 -> 
  custom:audio-decoder-ogg-vorbis: bf7c407c2cedff20999df2af8eb42d56 -> 
========================================================================
Received Prepare
Registering precompiled user dll's ...
Registered in 0.003860 seconds.
Begin MonoManager ReloadAssembly
Symbol file LoadedFromMemory is not a mono symbol file
Native extension for WindowsStandalone target not found
Refreshing native plugins compatible for Editor in 0.35 ms, found 2 plugins.
Preloading 0 native plugins for Editor in 0.00 ms.
Mono: successfully reloaded assembly
- Completed reload, in  0.760 seconds
Domain Reload Profiling:
	ReloadAssembly (761ms)
		BeginReloadAssembly (110ms)
			ExecutionOrderSort (0ms)
			DisableScriptedObjects (5ms)
			BackupInstance (0ms)
			ReleaseScriptingObjects (0ms)
			CreateAndSetChildDomain (24ms)
		EndReloadAssembly (566ms)
			LoadAssemblies (79ms)
			RebuildTransferFunctionScriptingTraits (0ms)
			SetupTypeCache (151ms)
			ReleaseScriptCaches (1ms)
			RebuildScriptCaches (44ms)
			SetupLoadedEditorAssemblies (254ms)
				LogAssemblyErrors (0ms)
				InitializePlatformSupportModulesInManaged (11ms)
				SetLoadedEditorAssemblies (0ms)
				RefreshPlugins (0ms)
				BeforeProcessingInitializeOnLoad (51ms)
				ProcessInitializeOnLoadAttributes (158ms)
				ProcessInitializeOnLoadMethodAttributes (25ms)
				AfterProcessingInitializeOnLoad (8ms)
				EditorAssembliesLoaded (0ms)
			ExecutionOrderSort2 (0ms)
			AwakeInstancesAfterBackupRestoration (7ms)
Platform modules already initialized, skipping
Refreshing native plugins compatible for Editor in 1.51 ms, found 2 plugins.
Preloading 0 native plugins for Editor in 0.00 ms.
Unloading 1749 Unused Serialized files (Serialized files now loaded: 0)
Unloading 14 unused Assets / (31.8 KB). Loaded Objects now: 2286.
Memory consumption went from 94.3 MB to 94.3 MB.
Total: 2.203300 ms (FindLiveObjects: 0.138000 ms CreateObjectMapping: 0.060200 ms MarkObjects: 1.989100 ms  DeleteObjects: 0.015100 ms)

AssetImportParameters requested are different than current active one (requested -> active):
  custom:video-decoder-ogg-theora: a1e56fd34408186e4bbccfd4996cb3dc -> 
  custom:container-muxer-webm: aa71ff27fc2769a1b78a27578f13a17b -> 
  custom:container-demuxer-webm: 4f35f7cbe854078d1ac9338744f61a02 -> 
  custom:video-encoder-webm-vp8: eb34c28f22e8b96e1ab97ce403110664 -> 
  custom:audio-encoder-webm-vorbis: bf7c407c2cedff20999df2af8eb42d56 -> 
  custom:framework-win-MediaFoundation: 216162199b28c13a410421893ffa2e32 -> 
  custom:container-demuxer-ogg: 62fdf1f143b41e24485cea50d1cbac27 -> 
  custom:video-decoder-webm-vp8: 9c59270c3fd7afecdb556c50c9e8de78 -> 
  custom:audio-decoder-ogg-vorbis: bf7c407c2cedff20999df2af8eb42d56 -> 
